<?xml version="1.0" encoding="UTF-8" ?>
<testsuite errors="0" failures="0" hostname="myltik.local" name="ru.chupakabr.grails.sql.driver.test.domain.TreeIntegrationTests" tests="13" time="0.853" timestamp="2014-03-07T16:01:45">
  <properties />
  <testcase classname="ru.chupakabr.grails.sql.driver.test.domain.TreeIntegrationTests" name="testConditionalSelectSqlReturningArrayNoQueryParams" time="0.47" />
  <testcase classname="ru.chupakabr.grails.sql.driver.test.domain.TreeIntegrationTests" name="testSelectHqlAll" time="0.04" />
  <testcase classname="ru.chupakabr.grails.sql.driver.test.domain.TreeIntegrationTests" name="testGormDelete" time="0.054" />
  <testcase classname="ru.chupakabr.grails.sql.driver.test.domain.TreeIntegrationTests" name="testConditionalSelectSqlReturningIntegerAndTextArrays" time="0.035" />
  <testcase classname="ru.chupakabr.grails.sql.driver.test.domain.TreeIntegrationTests" name="testContidionalSelectSqlReturningNoArrays" time="0.029" />
  <testcase classname="ru.chupakabr.grails.sql.driver.test.domain.TreeIntegrationTests" name="testConditionalSelectSqlReturningIntegerArray" time="0.027" />
  <testcase classname="ru.chupakabr.grails.sql.driver.test.domain.TreeIntegrationTests" name="testSelectWithGorm" time="0.029" />
  <testcase classname="ru.chupakabr.grails.sql.driver.test.domain.TreeIntegrationTests" name="testConditionalSelectSqlEmptyResults" time="0.022" />
  <testcase classname="ru.chupakabr.grails.sql.driver.test.domain.TreeIntegrationTests" name="testGormUpdate" time="0.033" />
  <testcase classname="ru.chupakabr.grails.sql.driver.test.domain.TreeIntegrationTests" name="testConditionalSelectSqlReturningAll" time="0.027" />
  <testcase classname="ru.chupakabr.grails.sql.driver.test.domain.TreeIntegrationTests" name="testSelectSqlWithAggregationMax" time="0.025" />
  <testcase classname="ru.chupakabr.grails.sql.driver.test.domain.TreeIntegrationTests" name="testSelectSqlWithAggregationSum" time="0.021" />
  <testcase classname="ru.chupakabr.grails.sql.driver.test.domain.TreeIntegrationTests" name="testConditionalSelectSqlReturningArrayIndexValue" time="0.032" />
  <system-out><![CDATA[--Output from testConditionalSelectSqlReturningArrayNoQueryParams--
--Output from testSelectHqlAll--
--Output from testGormDelete--
--Output from testConditionalSelectSqlReturningIntegerAndTextArrays--
--Output from testContidionalSelectSqlReturningNoArrays--
--Output from testConditionalSelectSqlReturningIntegerArray--
--Output from testSelectWithGorm--
--Output from testConditionalSelectSqlEmptyResults--
--Output from testGormUpdate--
--Output from testConditionalSelectSqlReturningAll--
--Output from testSelectSqlWithAggregationMax--
--Output from testSelectSqlWithAggregationSum--
--Output from testConditionalSelectSqlReturningArrayIndexValue--
]]></system-out>
  <system-err><![CDATA[--Output from testConditionalSelectSqlReturningArrayNoQueryParams--
--Output from testSelectHqlAll--
--Output from testGormDelete--
--Output from testConditionalSelectSqlReturningIntegerAndTextArrays--
--Output from testContidionalSelectSqlReturningNoArrays--
--Output from testConditionalSelectSqlReturningIntegerArray--
--Output from testSelectWithGorm--
--Output from testConditionalSelectSqlEmptyResults--
--Output from testGormUpdate--
--Output from testConditionalSelectSqlReturningAll--
--Output from testSelectSqlWithAggregationMax--
--Output from testSelectSqlWithAggregationSum--
--Output from testConditionalSelectSqlReturningArrayIndexValue--
]]></system-err>
</testsuite>
